mode: count
github.com/apigee/henchman/henchman/inventory.go:29.34,31.39 2 1
github.com/apigee/henchman/henchman/inventory.go:34.2,34.14 1 1
github.com/apigee/henchman/henchman/inventory.go:31.39,33.3 1 1
github.com/apigee/henchman/henchman/inventory.go:44.70,46.14 2 25
github.com/apigee/henchman/henchman/inventory.go:49.2,50.16 2 25
github.com/apigee/henchman/henchman/inventory.go:56.2,57.16 2 25
github.com/apigee/henchman/henchman/inventory.go:64.2,64.22 1 24
github.com/apigee/henchman/henchman/inventory.go:71.2,71.34 1 23
github.com/apigee/henchman/henchman/inventory.go:87.2,91.26 5 22
github.com/apigee/henchman/henchman/inventory.go:94.2,94.17 1 22
github.com/apigee/henchman/henchman/inventory.go:46.14,48.3 1 0
github.com/apigee/henchman/henchman/inventory.go:50.16,55.3 1 0
github.com/apigee/henchman/henchman/inventory.go:57.16,62.3 1 1
github.com/apigee/henchman/henchman/inventory.go:64.22,69.3 1 1
github.com/apigee/henchman/henchman/inventory.go:71.34,72.21 1 68
github.com/apigee/henchman/henchman/inventory.go:78.3,78.23 1 68
github.com/apigee/henchman/henchman/inventory.go:72.21,77.4 1 0
github.com/apigee/henchman/henchman/inventory.go:78.23,84.4 1 1
github.com/apigee/henchman/henchman/inventory.go:91.26,93.3 1 0
github.com/apigee/henchman/henchman/inventory.go:100.59,106.16 3 6
github.com/apigee/henchman/henchman/inventory.go:112.2,112.31 1 6
github.com/apigee/henchman/henchman/inventory.go:106.16,110.3 1 0
github.com/apigee/henchman/henchman/inventory.go:119.72,123.22 1 5
github.com/apigee/henchman/henchman/inventory.go:126.2,130.58 3 5
github.com/apigee/henchman/henchman/inventory.go:141.2,143.17 3 5
github.com/apigee/henchman/henchman/inventory.go:123.22,125.3 1 0
github.com/apigee/henchman/henchman/inventory.go:130.58,133.3 1 3
github.com/apigee/henchman/henchman/inventory.go:133.3,134.32 1 2
github.com/apigee/henchman/henchman/inventory.go:134.32,136.15 2 2
github.com/apigee/henchman/henchman/inventory.go:136.15,138.5 1 2
github.com/apigee/henchman/henchman/inventory.go:150.85,154.39 4 4
github.com/apigee/henchman/henchman/inventory.go:163.2,164.36 2 4
github.com/apigee/henchman/henchman/inventory.go:154.39,156.40 2 12
github.com/apigee/henchman/henchman/inventory.go:156.40,157.48 1 28
github.com/apigee/henchman/henchman/inventory.go:157.48,160.5 2 24
github.com/apigee/henchman/henchman/inventory.go:167.75,170.39 3 0
github.com/apigee/henchman/henchman/inventory.go:196.2,198.35 2 0
github.com/apigee/henchman/henchman/inventory.go:236.2,236.22 1 0
github.com/apigee/henchman/henchman/inventory.go:170.39,171.44 1 0
github.com/apigee/henchman/henchman/inventory.go:171.44,172.52 1 0
github.com/apigee/henchman/henchman/inventory.go:172.52,177.28 5 0
github.com/apigee/henchman/henchman/inventory.go:180.5,180.41 1 0
github.com/apigee/henchman/henchman/inventory.go:177.28,179.6 1 0
github.com/apigee/henchman/henchman/inventory.go:181.5,185.38 1 0
github.com/apigee/henchman/henchman/inventory.go:185.38,186.38 1 0
github.com/apigee/henchman/henchman/inventory.go:186.38,188.7 1 0
github.com/apigee/henchman/henchman/inventory.go:198.35,199.44 1 0
github.com/apigee/henchman/henchman/inventory.go:205.3,207.24 3 0
github.com/apigee/henchman/henchman/inventory.go:212.3,215.34 3 0
github.com/apigee/henchman/henchman/inventory.go:218.3,225.38 2 0
github.com/apigee/henchman/henchman/inventory.go:199.44,200.36 1 0
github.com/apigee/henchman/henchman/inventory.go:200.36,202.5 1 0
github.com/apigee/henchman/henchman/inventory.go:207.24,209.4 1 0
github.com/apigee/henchman/henchman/inventory.go:215.34,217.4 1 0
github.com/apigee/henchman/henchman/inventory.go:225.38,227.18 2 0
github.com/apigee/henchman/henchman/inventory.go:230.4,230.28 1 0
github.com/apigee/henchman/henchman/inventory.go:227.18,229.5 1 0
github.com/apigee/henchman/henchman/inventory.go:231.4,233.4 1 0
github.com/apigee/henchman/henchman/inventory.go:242.44,245.25 2 0
github.com/apigee/henchman/henchman/inventory.go:252.2,252.21 1 0
github.com/apigee/henchman/henchman/inventory.go:245.25,246.43 1 0
github.com/apigee/henchman/henchman/inventory.go:246.43,249.4 2 0
github.com/apigee/henchman/henchman/local.go:15.72,17.2 1 3
github.com/apigee/henchman/henchman/local.go:19.105,24.17 4 3
github.com/apigee/henchman/henchman/local.go:30.2,31.16 2 3
github.com/apigee/henchman/henchman/local.go:37.2,41.18 3 3
github.com/apigee/henchman/henchman/local.go:50.2,53.16 4 3
github.com/apigee/henchman/henchman/local.go:58.2,58.22 1 3
github.com/apigee/henchman/henchman/local.go:66.2,67.16 2 3
github.com/apigee/henchman/henchman/local.go:72.2,72.16 1 3
github.com/apigee/henchman/henchman/local.go:24.17,26.3 1 0
github.com/apigee/henchman/henchman/local.go:26.3,28.3 1 3
github.com/apigee/henchman/henchman/local.go:31.16,36.3 1 0
github.com/apigee/henchman/henchman/local.go:41.18,44.17 3 1
github.com/apigee/henchman/henchman/local.go:44.17,48.4 1 0
github.com/apigee/henchman/henchman/local.go:53.16,57.3 1 0
github.com/apigee/henchman/henchman/local.go:58.22,60.17 2 1
github.com/apigee/henchman/henchman/local.go:60.17,64.4 1 0
github.com/apigee/henchman/henchman/local.go:67.16,71.3 1 0
github.com/apigee/henchman/henchman/local.go:75.78,80.2 3 2
github.com/apigee/henchman/henchman/local.go:82.65,85.2 2 0
github.com/apigee/henchman/henchman/log.go:13.42,17.26 3 0
github.com/apigee/henchman/henchman/log.go:25.2,25.16 1 0
github.com/apigee/henchman/henchman/log.go:17.26,18.33 1 0
github.com/apigee/henchman/henchman/log.go:18.33,20.4 1 0
github.com/apigee/henchman/henchman/log.go:20.4,22.4 1 0
github.com/apigee/henchman/henchman/log.go:28.22,37.16 6 0
github.com/apigee/henchman/henchman/log.go:41.2,42.16 2 0
github.com/apigee/henchman/henchman/log.go:46.2,48.12 2 0
github.com/apigee/henchman/henchman/log.go:37.16,39.3 1 0
github.com/apigee/henchman/henchman/log.go:42.16,44.3 1 0
github.com/apigee/henchman/henchman/log.go:52.55,53.15 1 1
github.com/apigee/henchman/henchman/log.go:53.15,54.20 1 0
github.com/apigee/henchman/henchman/log.go:54.20,56.4 1 0
github.com/apigee/henchman/henchman/log.go:56.4,58.4 1 0
github.com/apigee/henchman/henchman/log.go:63.54,64.19 1 1
github.com/apigee/henchman/henchman/log.go:64.19,66.3 1 0
github.com/apigee/henchman/henchman/log.go:66.3,68.3 1 1
github.com/apigee/henchman/henchman/log.go:72.55,73.19 1 0
github.com/apigee/henchman/henchman/log.go:73.19,76.3 2 0
github.com/apigee/henchman/henchman/log.go:76.3,79.3 2 0
github.com/apigee/henchman/henchman/log.go:83.55,84.19 1 0
github.com/apigee/henchman/henchman/log.go:84.19,87.3 2 0
github.com/apigee/henchman/henchman/log.go:87.3,90.3 2 0
github.com/apigee/henchman/henchman/log.go:93.54,94.19 1 0
github.com/apigee/henchman/henchman/log.go:94.19,97.3 2 0
github.com/apigee/henchman/henchman/log.go:97.3,100.3 2 0
github.com/apigee/henchman/henchman/task.go:42.69,47.16 4 1
github.com/apigee/henchman/henchman/task.go:53.2,53.12 1 1
github.com/apigee/henchman/henchman/task.go:47.16,52.3 1 0
github.com/apigee/henchman/henchman/task.go:57.85,61.27 3 1
github.com/apigee/henchman/henchman/task.go:106.2,106.22 1 1
github.com/apigee/henchman/henchman/task.go:61.27,63.56 1 1
github.com/apigee/henchman/henchman/task.go:78.3,79.30 2 1
github.com/apigee/henchman/henchman/task.go:63.56,71.16 6 0
github.com/apigee/henchman/henchman/task.go:71.16,73.5 1 0
github.com/apigee/henchman/henchman/task.go:74.4,76.4 1 1
github.com/apigee/henchman/henchman/task.go:79.30,80.20 1 3
github.com/apigee/henchman/henchman/task.go:98.4,99.18 2 3
github.com/apigee/henchman/henchman/task.go:102.4,102.40 1 3
github.com/apigee/henchman/henchman/task.go:81.4,83.19 2 3
github.com/apigee/henchman/henchman/task.go:86.5,86.33 1 3
github.com/apigee/henchman/henchman/task.go:87.4,89.23 1 0
github.com/apigee/henchman/henchman/task.go:90.4,95.12 1 0
github.com/apigee/henchman/henchman/task.go:83.19,85.6 1 0
github.com/apigee/henchman/henchman/task.go:99.18,101.5 1 0
github.com/apigee/henchman/henchman/task.go:112.74,118.16 5 9
github.com/apigee/henchman/henchman/task.go:122.2,122.21 1 9
github.com/apigee/henchman/henchman/task.go:130.2,131.39 2 9
github.com/apigee/henchman/henchman/task.go:138.2,139.19 2 9
github.com/apigee/henchman/henchman/task.go:118.16,120.3 1 0
github.com/apigee/henchman/henchman/task.go:122.21,124.17 2 5
github.com/apigee/henchman/henchman/task.go:124.17,126.4 1 0
github.com/apigee/henchman/henchman/task.go:131.39,133.17 2 14
github.com/apigee/henchman/henchman/task.go:133.17,135.4 1 0
github.com/apigee/henchman/henchman/task.go:144.101,146.16 2 31
github.com/apigee/henchman/henchman/task.go:153.2,157.16 4 31
github.com/apigee/henchman/henchman/task.go:164.2,164.17 1 31
github.com/apigee/henchman/henchman/task.go:146.16,151.3 1 0
github.com/apigee/henchman/henchman/task.go:157.16,163.3 1 0
github.com/apigee/henchman/henchman/task.go:168.88,172.58 3 0
github.com/apigee/henchman/henchman/task.go:176.2,176.12 1 0
github.com/apigee/henchman/henchman/task.go:172.58,174.3 1 0
github.com/apigee/henchman/henchman/task.go:179.67,180.34 1 0
github.com/apigee/henchman/henchman/task.go:209.2,209.12 1 0
github.com/apigee/henchman/henchman/task.go:180.34,181.28 1 0
github.com/apigee/henchman/henchman/task.go:182.3,183.58 1 0
github.com/apigee/henchman/henchman/task.go:189.3,191.18 2 0
github.com/apigee/henchman/henchman/task.go:197.4,198.18 2 0
github.com/apigee/henchman/henchman/task.go:205.4,205.22 1 0
github.com/apigee/henchman/henchman/task.go:183.58,188.5 1 0
github.com/apigee/henchman/henchman/task.go:191.18,196.5 1 0
github.com/apigee/henchman/henchman/task.go:198.18,204.5 1 0
github.com/apigee/henchman/henchman/task.go:213.47,214.21 1 4
github.com/apigee/henchman/henchman/task.go:218.2,219.16 2 3
github.com/apigee/henchman/henchman/task.go:226.2,226.20 1 2
github.com/apigee/henchman/henchman/task.go:214.21,216.3 1 1
github.com/apigee/henchman/henchman/task.go:219.16,224.3 1 1
github.com/apigee/henchman/henchman/task.go:229.96,235.39 3 1
github.com/apigee/henchman/henchman/task.go:238.2,239.16 2 1
github.com/apigee/henchman/henchman/task.go:243.2,243.22 1 1
github.com/apigee/henchman/henchman/task.go:247.2,249.16 2 1
github.com/apigee/henchman/henchman/task.go:253.2,264.37 4 1
github.com/apigee/henchman/henchman/task.go:346.2,346.89 1 1
github.com/apigee/henchman/henchman/task.go:350.2,350.25 1 1
github.com/apigee/henchman/henchman/task.go:354.2,354.25 1 1
github.com/apigee/henchman/henchman/task.go:235.39,237.3 1 1
github.com/apigee/henchman/henchman/task.go:239.16,241.3 1 0
github.com/apigee/henchman/henchman/task.go:243.22,245.3 1 0
github.com/apigee/henchman/henchman/task.go:249.16,251.3 1 0
github.com/apigee/henchman/henchman/task.go:264.37,265.19 1 1
github.com/apigee/henchman/henchman/task.go:267.3,270.18 2 1
github.com/apigee/henchman/henchman/task.go:274.4,275.18 2 1
github.com/apigee/henchman/henchman/task.go:280.4,282.19 3 1
github.com/apigee/henchman/henchman/task.go:285.4,295.18 4 1
github.com/apigee/henchman/henchman/task.go:299.4,300.18 2 1
github.com/apigee/henchman/henchman/task.go:305.4,306.18 2 1
github.com/apigee/henchman/henchman/task.go:309.3,312.16 2 0
github.com/apigee/henchman/henchman/task.go:316.4,317.18 2 0
github.com/apigee/henchman/henchman/task.go:321.4,321.20 1 0
github.com/apigee/henchman/henchman/task.go:327.4,327.18 1 0
github.com/apigee/henchman/henchman/task.go:330.4,330.80 1 0
github.com/apigee/henchman/henchman/task.go:331.3,332.80 1 0
github.com/apigee/henchman/henchman/task.go:335.3,338.47 2 0
github.com/apigee/henchman/henchman/task.go:341.4,341.49 1 0
github.com/apigee/henchman/henchman/task.go:270.18,272.5 1 0
github.com/apigee/henchman/henchman/task.go:275.18,277.5 1 0
github.com/apigee/henchman/henchman/task.go:282.19,284.5 1 0
github.com/apigee/henchman/henchman/task.go:295.18,297.5 1 0
github.com/apigee/henchman/henchman/task.go:300.18,302.5 1 0
github.com/apigee/henchman/henchman/task.go:306.18,308.5 1 0
github.com/apigee/henchman/henchman/task.go:312.16,314.5 1 0
github.com/apigee/henchman/henchman/task.go:317.18,319.5 1 0
github.com/apigee/henchman/henchman/task.go:321.20,323.5 1 0
github.com/apigee/henchman/henchman/task.go:323.5,325.5 1 0
github.com/apigee/henchman/henchman/task.go:327.18,329.5 1 0
github.com/apigee/henchman/henchman/task.go:332.80,334.5 1 0
github.com/apigee/henchman/henchman/task.go:338.47,340.5 1 0
github.com/apigee/henchman/henchman/task.go:346.89,348.3 1 0
github.com/apigee/henchman/henchman/task.go:350.25,352.3 1 0
github.com/apigee/henchman/henchman/task.go:357.91,359.14 2 0
github.com/apigee/henchman/henchman/task.go:363.2,364.16 2 0
github.com/apigee/henchman/henchman/task.go:369.2,371.42 2 0
github.com/apigee/henchman/henchman/task.go:377.2,378.18 2 0
github.com/apigee/henchman/henchman/task.go:385.2,386.56 1 0
github.com/apigee/henchman/henchman/task.go:450.2,450.16 1 0
github.com/apigee/henchman/henchman/task.go:454.2,455.19 2 0
github.com/apigee/henchman/henchman/task.go:461.2,461.12 1 0
github.com/apigee/henchman/henchman/task.go:359.14,361.3 1 0
github.com/apigee/henchman/henchman/task.go:364.16,366.3 1 0
github.com/apigee/henchman/henchman/task.go:371.42,373.3 1 0
github.com/apigee/henchman/henchman/task.go:378.18,380.49 2 0
github.com/apigee/henchman/henchman/task.go:380.49,382.4 1 0
github.com/apigee/henchman/henchman/task.go:386.56,387.18 1 0
github.com/apigee/henchman/henchman/task.go:393.4,393.20 1 0
github.com/apigee/henchman/henchman/task.go:404.4,409.89 3 0
github.com/apigee/henchman/henchman/task.go:438.4,439.21 2 0
github.com/apigee/henchman/henchman/task.go:443.4,444.18 2 0
github.com/apigee/henchman/henchman/task.go:448.4,448.14 1 0
github.com/apigee/henchman/henchman/task.go:387.18,391.5 1 0
github.com/apigee/henchman/henchman/task.go:393.20,397.18 2 0
github.com/apigee/henchman/henchman/task.go:401.5,401.15 1 0
github.com/apigee/henchman/henchman/task.go:397.18,399.6 1 0
github.com/apigee/henchman/henchman/task.go:409.89,411.19 2 0
github.com/apigee/henchman/henchman/task.go:411.19,417.6 1 0
github.com/apigee/henchman/henchman/task.go:418.5,420.19 2 0
github.com/apigee/henchman/henchman/task.go:427.5,428.19 2 0
github.com/apigee/henchman/henchman/task.go:435.5,435.22 1 0
github.com/apigee/henchman/henchman/task.go:420.19,426.6 1 0
github.com/apigee/henchman/henchman/task.go:428.19,434.6 1 0
github.com/apigee/henchman/henchman/task.go:439.21,441.5 1 0
github.com/apigee/henchman/henchman/task.go:444.18,446.5 1 0
github.com/apigee/henchman/henchman/task.go:450.16,452.3 1 0
github.com/apigee/henchman/henchman/task.go:455.19,457.3 1 0
github.com/apigee/henchman/henchman/task.go:457.3,459.3 1 0
github.com/apigee/henchman/main.go:16.31,19.20 2 0
github.com/apigee/henchman/main.go:23.2,23.17 1 0
github.com/apigee/henchman/main.go:19.20,22.3 2 0
github.com/apigee/henchman/main.go:26.30,28.19 2 0
github.com/apigee/henchman/main.go:32.2,32.45 1 0
github.com/apigee/henchman/main.go:28.19,31.3 2 0
github.com/apigee/henchman/main.go:35.37,87.2 9 0
github.com/apigee/henchman/main.go:89.34,91.20 2 0
github.com/apigee/henchman/main.go:97.2,100.78 2 0
github.com/apigee/henchman/main.go:105.2,105.43 1 0
github.com/apigee/henchman/main.go:111.2,115.16 5 0
github.com/apigee/henchman/main.go:121.2,135.16 10 0
github.com/apigee/henchman/main.go:143.2,145.16 3 0
github.com/apigee/henchman/main.go:154.2,155.16 2 0
github.com/apigee/henchman/main.go:164.2,168.16 3 0
github.com/apigee/henchman/main.go:177.2,182.16 3 0
github.com/apigee/henchman/main.go:191.2,191.45 1 0
github.com/apigee/henchman/main.go:198.2,198.47 1 0
github.com/apigee/henchman/main.go:205.2,205.23 1 0
github.com/apigee/henchman/main.go:91.20,94.3 1 0
github.com/apigee/henchman/main.go:100.78,103.3 2 0
github.com/apigee/henchman/main.go:105.43,108.3 2 0
github.com/apigee/henchman/main.go:115.16,120.3 1 0
github.com/apigee/henchman/main.go:135.16,140.3 2 0
github.com/apigee/henchman/main.go:145.16,151.3 2 0
github.com/apigee/henchman/main.go:155.16,161.3 2 0
github.com/apigee/henchman/main.go:168.16,174.3 2 0
github.com/apigee/henchman/main.go:182.16,188.3 2 0
github.com/apigee/henchman/main.go:191.45,196.3 2 0
github.com/apigee/henchman/main.go:198.47,203.3 2 0
github.com/apigee/henchman/main.go:205.23,206.48 1 0
github.com/apigee/henchman/main.go:206.48,211.4 2 0
github.com/apigee/henchman/main.go:217.13,224.2 6 0
github.com/apigee/henchman/modules/template/template_module.go:29.13,32.15 1 0
github.com/apigee/henchman/modules/template/template_module.go:46.2,47.52 2 0
github.com/apigee/henchman/modules/template/template_module.go:51.2,51.31 1 0
github.com/apigee/henchman/modules/template/template_module.go:56.2,58.20 3 0
github.com/apigee/henchman/modules/template/template_module.go:65.2,78.39 6 0
github.com/apigee/henchman/modules/template/template_module.go:113.2,113.35 1 0
github.com/apigee/henchman/modules/template/template_module.go:116.2,116.34 1 0
github.com/apigee/henchman/modules/template/template_module.go:120.2,120.21 1 0
github.com/apigee/henchman/modules/template/template_module.go:32.15,33.31 1 0
github.com/apigee/henchman/modules/template/template_module.go:38.3,39.17 2 0
github.com/apigee/henchman/modules/template/template_module.go:42.3,42.28 1 0
github.com/apigee/henchman/modules/template/template_module.go:33.31,36.4 2 0
github.com/apigee/henchman/modules/template/template_module.go:39.17,40.14 1 0
github.com/apigee/henchman/modules/template/template_module.go:47.52,48.21 1 0
github.com/apigee/henchman/modules/template/template_module.go:51.31,52.47 1 0
github.com/apigee/henchman/modules/template/template_module.go:58.20,60.3 1 0
github.com/apigee/henchman/modules/template/template_module.go:60.3,60.39 1 0
github.com/apigee/henchman/modules/template/template_module.go:60.39,61.48 1 0
github.com/apigee/henchman/modules/template/template_module.go:78.39,79.54 1 0
github.com/apigee/henchman/modules/template/template_module.go:80.3,80.31 1 0
github.com/apigee/henchman/modules/template/template_module.go:80.31,82.64 1 0
github.com/apigee/henchman/modules/template/template_module.go:86.3,86.83 1 0
github.com/apigee/henchman/modules/template/template_module.go:82.64,83.70 1 0
github.com/apigee/henchman/modules/template/template_module.go:86.83,87.22 1 0
github.com/apigee/henchman/modules/template/template_module.go:89.3,90.42 1 0
github.com/apigee/henchman/modules/template/template_module.go:90.42,91.49 1 0
github.com/apigee/henchman/modules/template/template_module.go:95.4,96.16 2 0
github.com/apigee/henchman/modules/template/template_module.go:91.49,92.23 1 0
github.com/apigee/henchman/modules/template/template_module.go:96.16,98.5 1 0
github.com/apigee/henchman/modules/template/template_module.go:98.5,100.5 1 0
github.com/apigee/henchman/modules/template/template_module.go:101.4,102.16 1 0
github.com/apigee/henchman/modules/template/template_module.go:102.16,103.85 1 0
github.com/apigee/henchman/modules/template/template_module.go:103.85,104.24 1 0
github.com/apigee/henchman/modules/template/template_module.go:106.5,109.5 2 0
github.com/apigee/henchman/modules/template/template_module.go:113.35,114.21 1 0
github.com/apigee/henchman/modules/template/template_module.go:116.34,117.21 1 0
github.com/apigee/henchman/modules/template/template_module.go:124.40,126.56 1 0
github.com/apigee/henchman/modules/template/template_module.go:126.56,127.18 1 0
github.com/apigee/henchman/modules/template/template_module.go:131.4,133.21 2 0
github.com/apigee/henchman/modules/template/template_module.go:137.4,140.41 3 0
github.com/apigee/henchman/modules/template/template_module.go:146.4,146.14 1 0
github.com/apigee/henchman/modules/template/template_module.go:127.18,129.5 1 0
github.com/apigee/henchman/modules/template/template_module.go:133.21,135.5 1 0
github.com/apigee/henchman/modules/template/template_module.go:140.41,142.5 1 0
github.com/apigee/henchman/modules/template/template_module.go:142.5,142.68 1 0
github.com/apigee/henchman/modules/template/template_module.go:142.68,144.5 1 0
github.com/apigee/henchman/modules/template/template_module.go:151.22,152.31 1 0
github.com/apigee/henchman/modules/template/template_module.go:166.2,166.12 1 0
github.com/apigee/henchman/modules/template/template_module.go:152.31,154.17 2 0
github.com/apigee/henchman/modules/template/template_module.go:157.3,157.12 1 0
github.com/apigee/henchman/modules/template/template_module.go:161.3,161.71 1 0
github.com/apigee/henchman/modules/template/template_module.go:154.17,156.4 1 0
github.com/apigee/henchman/modules/template/template_module.go:157.12,159.4 1 0
github.com/apigee/henchman/modules/template/template_module.go:161.71,163.4 1 0
github.com/apigee/henchman/modules/template/template_module.go:170.23,176.53 4 0
github.com/apigee/henchman/modules/template/template_module.go:180.2,180.12 1 0
github.com/apigee/henchman/modules/template/template_module.go:176.53,178.3 1 0
github.com/apigee/henchman/modules/template/template_module.go:184.44,186.43 1 0
github.com/apigee/henchman/modules/template/template_module.go:193.2,193.45 1 0
github.com/apigee/henchman/modules/template/template_module.go:197.2,197.12 1 0
github.com/apigee/henchman/modules/template/template_module.go:186.43,187.23 1 0
github.com/apigee/henchman/modules/template/template_module.go:187.23,189.4 1 0
github.com/apigee/henchman/modules/template/template_module.go:193.45,195.3 1 0
github.com/apigee/henchman/henchman/errors.go:14.49,16.2 1 2
github.com/apigee/henchman/henchman/errors.go:18.78,19.27 1 27
github.com/apigee/henchman/henchman/errors.go:20.2,21.20 1 12
github.com/apigee/henchman/henchman/errors.go:24.3,24.19 1 12
github.com/apigee/henchman/henchman/errors.go:27.3,27.13 1 12
github.com/apigee/henchman/henchman/errors.go:28.2,32.23 3 15
github.com/apigee/henchman/henchman/errors.go:35.3,35.19 1 15
github.com/apigee/henchman/henchman/errors.go:38.3,42.4 1 15
github.com/apigee/henchman/henchman/errors.go:21.20,23.4 1 7
github.com/apigee/henchman/henchman/errors.go:24.19,26.4 1 7
github.com/apigee/henchman/henchman/errors.go:32.23,34.4 1 2
github.com/apigee/henchman/henchman/errors.go:35.19,37.4 1 2
github.com/apigee/henchman/henchman/errors.go:46.75,48.2 1 1
github.com/apigee/henchman/henchman/errors.go:50.49,52.2 1 1
github.com/apigee/henchman/henchman/errors.go:54.40,56.2 1 1
github.com/apigee/henchman/henchman/errors.go:58.33,59.13 1 28
github.com/apigee/henchman/henchman/errors.go:60.2,61.14 1 1
github.com/apigee/henchman/henchman/errors.go:62.2,63.14 1 0
github.com/apigee/henchman/henchman/errors.go:64.2,65.14 1 0
github.com/apigee/henchman/henchman/errors.go:66.2,67.14 1 0
github.com/apigee/henchman/henchman/errors.go:68.2,69.15 1 27
github.com/apigee/henchman/henchman/helpers.go:15.86,16.35 1 34
github.com/apigee/henchman/henchman/helpers.go:16.35,17.23 1 93
github.com/apigee/henchman/henchman/helpers.go:17.23,19.4 1 0
github.com/apigee/henchman/henchman/helpers.go:19.4,19.51 1 93
github.com/apigee/henchman/henchman/helpers.go:19.51,21.4 1 85
github.com/apigee/henchman/henchman/helpers.go:29.42,32.2 2 2
github.com/apigee/henchman/henchman/helpers.go:34.53,38.2 3 6
github.com/apigee/henchman/henchman/helpers.go:40.31,42.2 1 8
github.com/apigee/henchman/henchman/helpers.go:45.34,46.49 1 0
github.com/apigee/henchman/henchman/helpers.go:55.2,55.12 1 0
github.com/apigee/henchman/henchman/helpers.go:46.49,47.43 1 0
github.com/apigee/henchman/henchman/helpers.go:50.3,50.45 1 0
github.com/apigee/henchman/henchman/helpers.go:47.43,49.4 1 0
github.com/apigee/henchman/henchman/helpers.go:50.45,52.4 1 0
github.com/apigee/henchman/henchman/helpers.go:67.58,71.15 3 0
github.com/apigee/henchman/henchman/helpers.go:90.2,91.16 2 0
github.com/apigee/henchman/henchman/helpers.go:95.2,96.18 2 0
github.com/apigee/henchman/henchman/helpers.go:100.2,101.56 1 0
github.com/apigee/henchman/henchman/helpers.go:71.15,73.3 1 0
github.com/apigee/henchman/henchman/helpers.go:73.3,76.19 2 0
github.com/apigee/henchman/henchman/helpers.go:80.3,81.17 2 0
github.com/apigee/henchman/henchman/helpers.go:84.3,87.24 3 0
github.com/apigee/henchman/henchman/helpers.go:76.19,78.4 1 0
github.com/apigee/henchman/henchman/helpers.go:81.17,83.4 1 0
github.com/apigee/henchman/henchman/helpers.go:91.16,93.3 1 0
github.com/apigee/henchman/henchman/helpers.go:96.18,98.3 1 0
github.com/apigee/henchman/henchman/helpers.go:101.56,102.18 1 0
github.com/apigee/henchman/henchman/helpers.go:108.4,109.18 2 0
github.com/apigee/henchman/henchman/helpers.go:116.4,116.21 1 0
github.com/apigee/henchman/henchman/helpers.go:120.4,120.54 1 0
github.com/apigee/henchman/henchman/helpers.go:127.4,127.20 1 0
github.com/apigee/henchman/henchman/helpers.go:131.4,132.18 2 0
github.com/apigee/henchman/henchman/helpers.go:135.4,137.52 2 0
github.com/apigee/henchman/henchman/helpers.go:144.4,144.14 1 0
github.com/apigee/henchman/henchman/helpers.go:102.18,106.5 1 0
github.com/apigee/henchman/henchman/helpers.go:109.18,114.5 1 0
github.com/apigee/henchman/henchman/helpers.go:116.21,118.5 1 0
github.com/apigee/henchman/henchman/helpers.go:120.54,125.5 1 0
github.com/apigee/henchman/henchman/helpers.go:127.20,129.5 1 0
github.com/apigee/henchman/henchman/helpers.go:132.18,134.5 1 0
github.com/apigee/henchman/henchman/helpers.go:137.52,142.5 1 0
github.com/apigee/henchman/henchman/preprocessor.go:20.77,26.16 5 15
github.com/apigee/henchman/henchman/preprocessor.go:33.2,34.31 2 15
github.com/apigee/henchman/henchman/preprocessor.go:59.2,59.12 1 14
github.com/apigee/henchman/henchman/preprocessor.go:26.16,31.3 1 0
github.com/apigee/henchman/henchman/preprocessor.go:34.31,35.16 1 30
github.com/apigee/henchman/henchman/preprocessor.go:36.3,38.14 2 3
github.com/apigee/henchman/henchman/preprocessor.go:44.4,45.22 2 2
github.com/apigee/henchman/henchman/preprocessor.go:51.3,52.24 1 27
github.com/apigee/henchman/henchman/preprocessor.go:55.4,55.24 1 27
github.com/apigee/henchman/henchman/preprocessor.go:38.14,42.5 1 1
github.com/apigee/henchman/henchman/preprocessor.go:45.22,50.5 1 0
github.com/apigee/henchman/henchman/preprocessor.go:52.24,54.5 1 0
github.com/apigee/henchman/henchman/preprocessor.go:75.77,81.16 5 70
github.com/apigee/henchman/henchman/preprocessor.go:89.2,89.33 1 70
github.com/apigee/henchman/henchman/preprocessor.go:98.2,98.31 1 70
github.com/apigee/henchman/henchman/preprocessor.go:237.2,237.12 1 66
github.com/apigee/henchman/henchman/preprocessor.go:81.16,86.3 1 0
github.com/apigee/henchman/henchman/preprocessor.go:89.33,91.13 2 70
github.com/apigee/henchman/henchman/preprocessor.go:91.13,96.4 1 0
github.com/apigee/henchman/henchman/preprocessor.go:98.31,99.16 1 176
github.com/apigee/henchman/henchman/preprocessor.go:100.3,102.9 1 69
github.com/apigee/henchman/henchman/preprocessor.go:103.3,105.14 2 1
github.com/apigee/henchman/henchman/preprocessor.go:111.3,113.14 2 4
github.com/apigee/henchman/henchman/preprocessor.go:119.4,119.46 1 4
github.com/apigee/henchman/henchman/preprocessor.go:120.3,122.14 2 4
github.com/apigee/henchman/henchman/preprocessor.go:128.4,128.48 1 4
github.com/apigee/henchman/henchman/preprocessor.go:129.3,131.14 2 5
github.com/apigee/henchman/henchman/preprocessor.go:137.3,138.22 1 2
github.com/apigee/henchman/henchman/preprocessor.go:147.3,149.14 2 1
github.com/apigee/henchman/henchman/preprocessor.go:155.3,157.14 2 17
github.com/apigee/henchman/henchman/preprocessor.go:163.4,163.74 1 17
github.com/apigee/henchman/henchman/preprocessor.go:169.3,171.14 2 2
github.com/apigee/henchman/henchman/preprocessor.go:177.4,177.44 1 2
github.com/apigee/henchman/henchman/preprocessor.go:183.4,183.30 1 1
github.com/apigee/henchman/henchman/preprocessor.go:190.3,192.14 2 10
github.com/apigee/henchman/henchman/preprocessor.go:198.3,200.14 2 2
github.com/apigee/henchman/henchman/preprocessor.go:207.4,208.56 2 2
github.com/apigee/henchman/henchman/preprocessor.go:211.3,214.14 2 59
github.com/apigee/henchman/henchman/preprocessor.go:220.4,220.21 1 59
github.com/apigee/henchman/henchman/preprocessor.go:227.4,228.18 2 59
github.com/apigee/henchman/henchman/preprocessor.go:233.4,233.15 1 58
github.com/apigee/henchman/henchman/preprocessor.go:105.14,110.5 1 0
github.com/apigee/henchman/henchman/preprocessor.go:113.14,118.5 1 0
github.com/apigee/henchman/henchman/preprocessor.go:122.14,127.5 1 0
github.com/apigee/henchman/henchman/preprocessor.go:131.14,136.5 1 0
github.com/apigee/henchman/henchman/preprocessor.go:139.4,140.23 1 2
github.com/apigee/henchman/henchman/preprocessor.go:141.4,145.11 1 0
github.com/apigee/henchman/henchman/preprocessor.go:149.14,154.5 1 0
github.com/apigee/henchman/henchman/preprocessor.go:157.14,162.5 1 0
github.com/apigee/henchman/henchman/preprocessor.go:163.74,168.5 1 1
github.com/apigee/henchman/henchman/preprocessor.go:171.14,176.5 1 0
github.com/apigee/henchman/henchman/preprocessor.go:177.44,182.5 1 1
github.com/apigee/henchman/henchman/preprocessor.go:183.30,189.5 1 1
github.com/apigee/henchman/henchman/preprocessor.go:192.14,197.5 1 0
github.com/apigee/henchman/henchman/preprocessor.go:200.14,205.5 1 0
github.com/apigee/henchman/henchman/preprocessor.go:208.56,210.5 1 3
github.com/apigee/henchman/henchman/preprocessor.go:214.14,219.5 1 0
github.com/apigee/henchman/henchman/preprocessor.go:220.21,225.5 1 0
github.com/apigee/henchman/henchman/preprocessor.go:228.18,232.5 1 1
github.com/apigee/henchman/henchman/preprocessor.go:255.56,257.16 2 18
github.com/apigee/henchman/henchman/preprocessor.go:261.2,261.23 1 18
github.com/apigee/henchman/henchman/preprocessor.go:257.16,259.3 1 0
github.com/apigee/henchman/henchman/preprocessor.go:265.116,267.16 2 10
github.com/apigee/henchman/henchman/preprocessor.go:273.2,275.16 3 10
github.com/apigee/henchman/henchman/preprocessor.go:284.2,286.53 3 10
github.com/apigee/henchman/henchman/preprocessor.go:267.16,271.3 1 0
github.com/apigee/henchman/henchman/preprocessor.go:275.16,280.3 1 0
github.com/apigee/henchman/henchman/preprocessor.go:290.90,292.36 2 28
github.com/apigee/henchman/henchman/preprocessor.go:333.2,333.19 1 28
github.com/apigee/henchman/henchman/preprocessor.go:292.36,296.38 2 62
github.com/apigee/henchman/henchman/preprocessor.go:303.3,303.23 1 62
github.com/apigee/henchman/henchman/preprocessor.go:296.38,298.4 1 5
github.com/apigee/henchman/henchman/preprocessor.go:298.4,298.28 1 57
github.com/apigee/henchman/henchman/preprocessor.go:298.28,300.4 1 1
github.com/apigee/henchman/henchman/preprocessor.go:303.23,305.23 1 10
github.com/apigee/henchman/henchman/preprocessor.go:315.4,316.18 2 10
github.com/apigee/henchman/henchman/preprocessor.go:323.4,323.43 1 10
github.com/apigee/henchman/henchman/preprocessor.go:305.23,308.30 1 1
github.com/apigee/henchman/henchman/preprocessor.go:311.5,311.46 1 1
github.com/apigee/henchman/henchman/preprocessor.go:308.30,310.6 1 0
github.com/apigee/henchman/henchman/preprocessor.go:316.18,321.5 1 0
github.com/apigee/henchman/henchman/preprocessor.go:324.4,325.68 1 52
github.com/apigee/henchman/henchman/preprocessor.go:329.4,329.32 1 52
github.com/apigee/henchman/henchman/preprocessor.go:325.68,327.5 1 0
github.com/apigee/henchman/henchman/preprocessor.go:336.89,338.26 1 52
github.com/apigee/henchman/henchman/preprocessor.go:344.2,355.21 9 52
github.com/apigee/henchman/henchman/preprocessor.go:363.2,364.24 2 52
github.com/apigee/henchman/henchman/preprocessor.go:376.2,377.25 2 52
github.com/apigee/henchman/henchman/preprocessor.go:389.2,389.12 1 52
github.com/apigee/henchman/henchman/preprocessor.go:338.26,343.3 1 0
github.com/apigee/henchman/henchman/preprocessor.go:355.21,357.3 1 48
github.com/apigee/henchman/henchman/preprocessor.go:357.3,359.3 1 4
github.com/apigee/henchman/henchman/preprocessor.go:364.24,367.17 3 4
github.com/apigee/henchman/henchman/preprocessor.go:367.17,373.4 1 0
github.com/apigee/henchman/henchman/preprocessor.go:377.25,380.17 3 4
github.com/apigee/henchman/henchman/preprocessor.go:380.17,386.4 1 0
github.com/apigee/henchman/henchman/preprocessor.go:397.55,401.64 2 10
github.com/apigee/henchman/henchman/preprocessor.go:410.2,412.21 2 9
github.com/apigee/henchman/henchman/preprocessor.go:401.64,402.50 1 2
github.com/apigee/henchman/henchman/preprocessor.go:402.50,404.18 2 3
github.com/apigee/henchman/henchman/preprocessor.go:407.4,407.38 1 2
github.com/apigee/henchman/henchman/preprocessor.go:404.18,406.5 1 1
github.com/apigee/henchman/henchman/preprocessor.go:416.63,418.12 2 3
github.com/apigee/henchman/henchman/preprocessor.go:424.2,425.16 2 3
github.com/apigee/henchman/henchman/preprocessor.go:432.2,434.16 3 2
github.com/apigee/henchman/henchman/preprocessor.go:441.2,441.31 1 2
github.com/apigee/henchman/henchman/preprocessor.go:418.12,422.3 1 0
github.com/apigee/henchman/henchman/preprocessor.go:425.16,430.3 1 1
github.com/apigee/henchman/henchman/preprocessor.go:434.16,439.3 1 0
github.com/apigee/henchman/henchman/preprocessor.go:445.64,447.16 2 24
github.com/apigee/henchman/henchman/preprocessor.go:451.2,457.25 5 19
github.com/apigee/henchman/henchman/preprocessor.go:468.2,472.16 4 18
github.com/apigee/henchman/henchman/preprocessor.go:479.2,479.63 1 18
github.com/apigee/henchman/henchman/preprocessor.go:486.2,488.19 2 18
github.com/apigee/henchman/henchman/preprocessor.go:447.16,449.3 1 5
github.com/apigee/henchman/henchman/preprocessor.go:457.25,459.17 2 10
github.com/apigee/henchman/henchman/preprocessor.go:459.17,464.4 1 1
github.com/apigee/henchman/henchman/preprocessor.go:472.16,477.3 1 0
github.com/apigee/henchman/henchman/preprocessor.go:479.63,480.38 1 3
github.com/apigee/henchman/henchman/preprocessor.go:480.38,481.31 1 3
github.com/apigee/henchman/henchman/preprocessor.go:481.31,483.5 1 5
github.com/apigee/henchman/henchman/preprocessor.go:492.50,495.16 3 24
github.com/apigee/henchman/henchman/preprocessor.go:498.2,498.16 1 19
github.com/apigee/henchman/henchman/preprocessor.go:495.16,497.3 1 5
github.com/apigee/henchman/modules/copy/copy_module.go:29.13,32.15 1 0
github.com/apigee/henchman/modules/copy/copy_module.go:46.2,47.48 2 0
github.com/apigee/henchman/modules/copy/copy_module.go:51.2,51.27 1 0
github.com/apigee/henchman/modules/copy/copy_module.go:56.2,58.20 3 0
github.com/apigee/henchman/modules/copy/copy_module.go:65.2,78.39 6 0
github.com/apigee/henchman/modules/copy/copy_module.go:113.2,113.35 1 0
github.com/apigee/henchman/modules/copy/copy_module.go:116.2,116.34 1 0
github.com/apigee/henchman/modules/copy/copy_module.go:120.2,120.21 1 0
github.com/apigee/henchman/modules/copy/copy_module.go:32.15,33.31 1 0
github.com/apigee/henchman/modules/copy/copy_module.go:38.3,39.17 2 0
github.com/apigee/henchman/modules/copy/copy_module.go:42.3,42.28 1 0
github.com/apigee/henchman/modules/copy/copy_module.go:33.31,36.4 2 0
github.com/apigee/henchman/modules/copy/copy_module.go:39.17,40.14 1 0
github.com/apigee/henchman/modules/copy/copy_module.go:47.48,48.21 1 0
github.com/apigee/henchman/modules/copy/copy_module.go:51.27,52.47 1 0
github.com/apigee/henchman/modules/copy/copy_module.go:58.20,60.3 1 0
github.com/apigee/henchman/modules/copy/copy_module.go:60.3,60.39 1 0
github.com/apigee/henchman/modules/copy/copy_module.go:60.39,61.48 1 0
github.com/apigee/henchman/modules/copy/copy_module.go:78.39,79.54 1 0
github.com/apigee/henchman/modules/copy/copy_module.go:80.3,80.31 1 0
github.com/apigee/henchman/modules/copy/copy_module.go:80.31,82.60 1 0
github.com/apigee/henchman/modules/copy/copy_module.go:86.3,86.75 1 0
github.com/apigee/henchman/modules/copy/copy_module.go:82.60,83.70 1 0
github.com/apigee/henchman/modules/copy/copy_module.go:86.75,87.22 1 0
github.com/apigee/henchman/modules/copy/copy_module.go:89.3,90.42 1 0
github.com/apigee/henchman/modules/copy/copy_module.go:90.42,91.49 1 0
github.com/apigee/henchman/modules/copy/copy_module.go:95.4,96.16 2 0
github.com/apigee/henchman/modules/copy/copy_module.go:91.49,92.23 1 0
github.com/apigee/henchman/modules/copy/copy_module.go:96.16,98.5 1 0
github.com/apigee/henchman/modules/copy/copy_module.go:98.5,100.5 1 0
github.com/apigee/henchman/modules/copy/copy_module.go:101.4,102.16 1 0
github.com/apigee/henchman/modules/copy/copy_module.go:102.16,103.77 1 0
github.com/apigee/henchman/modules/copy/copy_module.go:103.77,104.24 1 0
github.com/apigee/henchman/modules/copy/copy_module.go:106.5,109.5 2 0
github.com/apigee/henchman/modules/copy/copy_module.go:113.35,114.21 1 0
github.com/apigee/henchman/modules/copy/copy_module.go:116.34,117.21 1 0
github.com/apigee/henchman/modules/copy/copy_module.go:124.40,126.56 1 0
github.com/apigee/henchman/modules/copy/copy_module.go:126.56,127.18 1 0
github.com/apigee/henchman/modules/copy/copy_module.go:131.4,133.21 2 0
github.com/apigee/henchman/modules/copy/copy_module.go:137.4,140.41 3 0
github.com/apigee/henchman/modules/copy/copy_module.go:146.4,146.14 1 0
github.com/apigee/henchman/modules/copy/copy_module.go:127.18,129.5 1 0
github.com/apigee/henchman/modules/copy/copy_module.go:133.21,135.5 1 0
github.com/apigee/henchman/modules/copy/copy_module.go:140.41,142.5 1 0
github.com/apigee/henchman/modules/copy/copy_module.go:142.5,142.68 1 0
github.com/apigee/henchman/modules/copy/copy_module.go:142.68,144.5 1 0
github.com/apigee/henchman/modules/copy/copy_module.go:151.22,152.27 1 0
github.com/apigee/henchman/modules/copy/copy_module.go:166.2,166.12 1 0
github.com/apigee/henchman/modules/copy/copy_module.go:152.27,154.17 2 0
github.com/apigee/henchman/modules/copy/copy_module.go:157.3,157.12 1 0
github.com/apigee/henchman/modules/copy/copy_module.go:161.3,161.67 1 0
github.com/apigee/henchman/modules/copy/copy_module.go:154.17,156.4 1 0
github.com/apigee/henchman/modules/copy/copy_module.go:157.12,159.4 1 0
github.com/apigee/henchman/modules/copy/copy_module.go:161.67,163.4 1 0
github.com/apigee/henchman/modules/copy/copy_module.go:170.23,176.53 4 0
github.com/apigee/henchman/modules/copy/copy_module.go:180.2,180.12 1 0
github.com/apigee/henchman/modules/copy/copy_module.go:176.53,178.3 1 0
github.com/apigee/henchman/modules/copy/copy_module.go:184.44,186.43 1 0
github.com/apigee/henchman/modules/copy/copy_module.go:193.2,193.45 1 0
github.com/apigee/henchman/modules/copy/copy_module.go:197.2,197.12 1 0
github.com/apigee/henchman/modules/copy/copy_module.go:186.43,187.23 1 0
github.com/apigee/henchman/modules/copy/copy_module.go:187.23,189.4 1 0
github.com/apigee/henchman/modules/copy/copy_module.go:193.45,195.3 1 0
github.com/apigee/henchman/modules/rpm/rpm_module.go:25.13,28.15 1 0
github.com/apigee/henchman/modules/rpm/rpm_module.go:41.2,45.47 3 0
github.com/apigee/henchman/modules/rpm/rpm_module.go:49.2,49.25 1 0
github.com/apigee/henchman/modules/rpm/rpm_module.go:52.2,56.59 4 0
github.com/apigee/henchman/modules/rpm/rpm_module.go:64.2,64.52 1 0
github.com/apigee/henchman/modules/rpm/rpm_module.go:71.2,77.34 5 0
github.com/apigee/henchman/modules/rpm/rpm_module.go:81.2,86.3 3 0
github.com/apigee/henchman/modules/rpm/rpm_module.go:28.15,29.31 1 0
github.com/apigee/henchman/modules/rpm/rpm_module.go:34.3,35.17 2 0
github.com/apigee/henchman/modules/rpm/rpm_module.go:38.3,38.28 1 0
github.com/apigee/henchman/modules/rpm/rpm_module.go:29.31,32.4 2 0
github.com/apigee/henchman/modules/rpm/rpm_module.go:35.17,36.14 1 0
github.com/apigee/henchman/modules/rpm/rpm_module.go:45.47,46.21 1 0
github.com/apigee/henchman/modules/rpm/rpm_module.go:49.25,50.40 1 0
github.com/apigee/henchman/modules/rpm/rpm_module.go:56.59,58.3 1 0
github.com/apigee/henchman/modules/rpm/rpm_module.go:58.3,58.40 1 0
github.com/apigee/henchman/modules/rpm/rpm_module.go:58.40,60.3 1 0
github.com/apigee/henchman/modules/rpm/rpm_module.go:60.3,61.94 1 0
github.com/apigee/henchman/modules/rpm/rpm_module.go:64.52,65.33 1 0
github.com/apigee/henchman/modules/rpm/rpm_module.go:65.33,67.9 2 0
github.com/apigee/henchman/modules/rpm/rpm_module.go:77.34,78.113 1 0
github.com/apigee/henchman/modules/shell/shell_module.go:22.13,25.15 1 0
github.com/apigee/henchman/modules/shell/shell_module.go:45.2,49.49 3 0
github.com/apigee/henchman/modules/shell/shell_module.go:53.2,53.27 1 0
github.com/apigee/henchman/modules/shell/shell_module.go:57.2,57.29 1 0
github.com/apigee/henchman/modules/shell/shell_module.go:60.2,60.48 1 0
github.com/apigee/henchman/modules/shell/shell_module.go:64.2,72.34 7 0
github.com/apigee/henchman/modules/shell/shell_module.go:78.2,82.3 2 0
github.com/apigee/henchman/modules/shell/shell_module.go:25.15,26.31 1 0
github.com/apigee/henchman/modules/shell/shell_module.go:31.3,32.17 2 0
github.com/apigee/henchman/modules/shell/shell_module.go:36.3,39.17 3 0
github.com/apigee/henchman/modules/shell/shell_module.go:42.3,42.28 1 0
github.com/apigee/henchman/modules/shell/shell_module.go:26.31,29.4 2 0
github.com/apigee/henchman/modules/shell/shell_module.go:32.17,33.14 1 0
github.com/apigee/henchman/modules/shell/shell_module.go:39.17,40.14 1 0
github.com/apigee/henchman/modules/shell/shell_module.go:49.49,50.21 1 0
github.com/apigee/henchman/modules/shell/shell_module.go:53.27,54.46 1 0
github.com/apigee/henchman/modules/shell/shell_module.go:57.29,59.3 1 0
github.com/apigee/henchman/modules/shell/shell_module.go:60.48,61.50 1 0
github.com/apigee/henchman/modules/shell/shell_module.go:72.34,74.3 1 0
github.com/apigee/henchman/modules/shell/shell_module.go:74.3,76.3 1 0
github.com/apigee/henchman/modules/shell/shell_module.go:86.34,88.36 2 0
github.com/apigee/henchman/modules/shell/shell_module.go:97.2,97.12 1 0
github.com/apigee/henchman/modules/shell/shell_module.go:88.36,89.42 1 0
github.com/apigee/henchman/modules/shell/shell_module.go:89.42,91.58 2 0
github.com/apigee/henchman/modules/shell/shell_module.go:91.58,93.5 1 0
github.com/apigee/henchman/modules/yum/yum_module.go:20.41,24.16 3 0
github.com/apigee/henchman/modules/yum/yum_module.go:28.2,28.58 1 0
github.com/apigee/henchman/modules/yum/yum_module.go:40.2,40.14 1 0
github.com/apigee/henchman/modules/yum/yum_module.go:24.16,25.21 1 0
github.com/apigee/henchman/modules/yum/yum_module.go:28.58,29.38 1 0
github.com/apigee/henchman/modules/yum/yum_module.go:29.38,30.24 1 0
github.com/apigee/henchman/modules/yum/yum_module.go:30.24,31.43 1 0
github.com/apigee/henchman/modules/yum/yum_module.go:31.43,33.6 1 0
github.com/apigee/henchman/modules/yum/yum_module.go:34.5,36.5 1 0
github.com/apigee/henchman/modules/yum/yum_module.go:49.13,52.15 1 0
github.com/apigee/henchman/modules/yum/yum_module.go:65.2,69.47 3 0
github.com/apigee/henchman/modules/yum/yum_module.go:74.2,74.26 1 0
github.com/apigee/henchman/modules/yum/yum_module.go:79.2,79.27 1 0
github.com/apigee/henchman/modules/yum/yum_module.go:83.2,83.65 1 0
github.com/apigee/henchman/modules/yum/yum_module.go:87.2,87.35 1 0
github.com/apigee/henchman/modules/yum/yum_module.go:91.2,92.29 2 0
github.com/apigee/henchman/modules/yum/yum_module.go:96.2,98.47 2 0
github.com/apigee/henchman/modules/yum/yum_module.go:52.15,53.31 1 0
github.com/apigee/henchman/modules/yum/yum_module.go:58.3,59.17 2 0
github.com/apigee/henchman/modules/yum/yum_module.go:62.3,62.28 1 0
github.com/apigee/henchman/modules/yum/yum_module.go:53.31,56.4 2 0
github.com/apigee/henchman/modules/yum/yum_module.go:59.17,60.14 1 0
github.com/apigee/henchman/modules/yum/yum_module.go:69.47,70.21 1 0
github.com/apigee/henchman/modules/yum/yum_module.go:74.26,76.3 1 0
github.com/apigee/henchman/modules/yum/yum_module.go:79.27,81.3 1 0
github.com/apigee/henchman/modules/yum/yum_module.go:83.65,84.50 1 0
github.com/apigee/henchman/modules/yum/yum_module.go:87.35,89.3 1 0
github.com/apigee/henchman/modules/yum/yum_module.go:92.29,94.3 1 0
github.com/apigee/henchman/modules/yum/yum_module.go:98.47,101.3 2 0
github.com/apigee/henchman/modules/yum/yum_module.go:101.3,101.54 1 0
github.com/apigee/henchman/modules/yum/yum_module.go:101.54,104.3 2 0
github.com/apigee/henchman/modules/yum/yum_module.go:104.3,112.35 6 0
github.com/apigee/henchman/modules/yum/yum_module.go:116.3,121.4 3 0
github.com/apigee/henchman/modules/yum/yum_module.go:112.35,113.112 1 0
github.com/apigee/henchman/henchman/config.go:30.47,32.53 2 3
github.com/apigee/henchman/henchman/config.go:42.2,43.16 2 3
github.com/apigee/henchman/henchman/config.go:47.2,47.12 1 3
github.com/apigee/henchman/henchman/config.go:32.53,35.3 2 3
github.com/apigee/henchman/henchman/config.go:35.3,37.17 2 0
github.com/apigee/henchman/henchman/config.go:37.17,39.4 1 0
github.com/apigee/henchman/henchman/config.go:43.16,45.3 1 0
github.com/apigee/henchman/henchman/module.go:22.62,27.2 4 17
github.com/apigee/henchman/henchman/module.go:33.62,37.80 3 71
github.com/apigee/henchman/henchman/module.go:56.2,58.21 2 71
github.com/apigee/henchman/henchman/module.go:84.2,86.38 2 68
github.com/apigee/henchman/henchman/module.go:89.2,89.23 1 68
github.com/apigee/henchman/henchman/module.go:37.80,41.28 4 241
github.com/apigee/henchman/henchman/module.go:53.3,53.9 1 241
github.com/apigee/henchman/henchman/module.go:41.28,42.100 1 466
github.com/apigee/henchman/henchman/module.go:42.100,45.19 2 17
github.com/apigee/henchman/henchman/module.go:45.19,47.11 2 17
github.com/apigee/henchman/henchman/module.go:49.5,51.5 1 449
github.com/apigee/henchman/henchman/module.go:58.21,60.40 2 104
github.com/apigee/henchman/henchman/module.go:60.40,61.12 1 21
github.com/apigee/henchman/henchman/module.go:62.4,62.41 1 83
github.com/apigee/henchman/henchman/module.go:62.41,65.28 2 80
github.com/apigee/henchman/henchman/module.go:73.4,73.46 1 80
github.com/apigee/henchman/henchman/module.go:65.28,67.43 2 1
github.com/apigee/henchman/henchman/module.go:71.5,71.37 1 1
github.com/apigee/henchman/henchman/module.go:67.43,70.6 2 2
github.com/apigee/henchman/henchman/module.go:74.4,80.4 1 3
github.com/apigee/henchman/henchman/module.go:86.38,88.3 1 0
github.com/apigee/henchman/henchman/module.go:92.60,93.25 1 68
github.com/apigee/henchman/henchman/module.go:101.2,101.13 1 68
github.com/apigee/henchman/henchman/module.go:93.25,95.29 2 80
github.com/apigee/henchman/henchman/module.go:99.3,99.20 1 80
github.com/apigee/henchman/henchman/module.go:95.29,98.4 1 44
github.com/apigee/henchman/henchman/module.go:104.70,105.30 1 104
github.com/apigee/henchman/henchman/module.go:110.2,110.14 1 83
github.com/apigee/henchman/henchman/module.go:105.30,106.32 1 45
github.com/apigee/henchman/henchman/module.go:106.32,108.4 1 21
github.com/apigee/henchman/henchman/module.go:113.60,117.16 4 71
github.com/apigee/henchman/henchman/module.go:122.2,123.20 2 68
github.com/apigee/henchman/henchman/module.go:117.16,121.3 1 3
github.com/apigee/henchman/henchman/module.go:127.67,129.16 2 4
github.com/apigee/henchman/henchman/module.go:132.2,132.20 1 4
github.com/apigee/henchman/henchman/module.go:136.2,137.16 2 3
github.com/apigee/henchman/henchman/module.go:141.2,141.34 1 2
github.com/apigee/henchman/henchman/module.go:129.16,131.3 1 0
github.com/apigee/henchman/henchman/module.go:132.20,134.3 1 1
github.com/apigee/henchman/henchman/module.go:137.16,139.3 1 1
github.com/apigee/henchman/henchman/module.go:145.61,147.39 1 4
github.com/apigee/henchman/henchman/module.go:159.2,159.16 1 3
github.com/apigee/henchman/henchman/module.go:147.39,150.35 3 7
github.com/apigee/henchman/henchman/module.go:150.35,152.4 1 1
github.com/apigee/henchman/henchman/module.go:152.4,152.47 1 6
github.com/apigee/henchman/henchman/module.go:152.47,156.4 1 0
github.com/apigee/henchman/henchman/module.go:163.60,165.39 2 3
github.com/apigee/henchman/henchman/module.go:186.2,189.8 1 1
github.com/apigee/henchman/henchman/module.go:165.39,168.17 3 5
github.com/apigee/henchman/henchman/module.go:168.17,169.21 1 2
github.com/apigee/henchman/henchman/module.go:182.4,182.36 1 2
github.com/apigee/henchman/henchman/module.go:169.21,172.36 3 1
github.com/apigee/henchman/henchman/module.go:172.36,178.6 1 0
github.com/apigee/henchman/henchman/module.go:178.6,180.6 1 1
github.com/apigee/henchman/henchman/module.go:193.52,204.50 2 4
github.com/apigee/henchman/henchman/module.go:213.2,213.26 1 2
github.com/apigee/henchman/henchman/module.go:204.50,205.32 1 9
github.com/apigee/henchman/henchman/module.go:208.3,208.30 1 7
github.com/apigee/henchman/henchman/module.go:205.32,207.4 1 2
github.com/apigee/henchman/henchman/module.go:208.30,210.4 1 3
github.com/apigee/henchman/henchman/plan.go:40.27,47.2 6 0
github.com/apigee/henchman/henchman/plan.go:52.53,53.39 1 0
github.com/apigee/henchman/henchman/plan.go:57.2,57.30 1 0
github.com/apigee/henchman/henchman/plan.go:53.39,55.3 1 0
github.com/apigee/henchman/henchman/plan.go:63.40,66.42 3 0
github.com/apigee/henchman/henchman/plan.go:77.2,77.8 1 0
github.com/apigee/henchman/henchman/plan.go:66.42,69.38 3 0
github.com/apigee/henchman/henchman/plan.go:75.3,75.19 1 0
github.com/apigee/henchman/henchman/plan.go:69.38,70.46 1 0
github.com/apigee/henchman/henchman/plan.go:73.4,73.60 1 0
github.com/apigee/henchman/henchman/plan.go:70.46,72.5 1 0
github.com/apigee/henchman/henchman/plan.go:80.59,85.16 4 0
github.com/apigee/henchman/henchman/plan.go:85.16,90.3 1 0
github.com/apigee/henchman/henchman/plan.go:93.35,94.33 1 0
github.com/apigee/henchman/henchman/plan.go:94.33,95.55 1 0
github.com/apigee/henchman/henchman/plan.go:95.55,97.4 1 0
github.com/apigee/henchman/henchman/plan.go:97.4,99.4 1 0
github.com/apigee/henchman/henchman/plan.go:107.54,110.27 1 0
github.com/apigee/henchman/henchman/plan.go:115.2,116.16 2 0
github.com/apigee/henchman/henchman/plan.go:121.2,121.78 1 0
github.com/apigee/henchman/henchman/plan.go:126.2,127.67 2 0
github.com/apigee/henchman/henchman/plan.go:132.2,133.67 2 0
github.com/apigee/henchman/henchman/plan.go:137.2,137.12 1 0
github.com/apigee/henchman/henchman/plan.go:110.27,112.3 1 0
github.com/apigee/henchman/henchman/plan.go:116.16,118.3 1 0
github.com/apigee/henchman/henchman/plan.go:121.78,123.3 1 0
github.com/apigee/henchman/henchman/plan.go:127.67,129.3 1 0
github.com/apigee/henchman/henchman/plan.go:133.67,135.3 1 0
github.com/apigee/henchman/henchman/plan.go:141.50,143.16 2 1
github.com/apigee/henchman/henchman/plan.go:147.2,148.20 2 1
github.com/apigee/henchman/henchman/plan.go:143.16,145.3 1 0
github.com/apigee/henchman/henchman/plan.go:152.53,154.16 2 0
github.com/apigee/henchman/henchman/plan.go:158.2,158.43 1 0
github.com/apigee/henchman/henchman/plan.go:154.16,156.3 1 0
github.com/apigee/henchman/henchman/plan.go:162.59,168.16 3 0
github.com/apigee/henchman/henchman/plan.go:173.2,179.29 4 0
github.com/apigee/henchman/henchman/plan.go:194.2,194.33 1 0
github.com/apigee/henchman/henchman/plan.go:202.2,202.12 1 0
github.com/apigee/henchman/henchman/plan.go:168.16,172.3 1 0
github.com/apigee/henchman/henchman/plan.go:179.29,180.45 1 0
github.com/apigee/henchman/henchman/plan.go:180.45,182.18 2 0
github.com/apigee/henchman/henchman/plan.go:187.4,187.41 1 0
github.com/apigee/henchman/henchman/plan.go:182.18,186.5 1 0
github.com/apigee/henchman/henchman/plan.go:194.33,195.53 1 0
github.com/apigee/henchman/henchman/plan.go:195.53,199.4 1 0
github.com/apigee/henchman/henchman/plan.go:210.52,211.24 1 0
github.com/apigee/henchman/henchman/plan.go:218.2,226.33 4 0
github.com/apigee/henchman/henchman/plan.go:234.2,236.35 2 0
github.com/apigee/henchman/henchman/plan.go:259.2,259.61 1 0
github.com/apigee/henchman/henchman/plan.go:265.2,268.33 2 0
github.com/apigee/henchman/henchman/plan.go:272.2,278.12 3 0
github.com/apigee/henchman/henchman/plan.go:211.24,216.3 1 0
github.com/apigee/henchman/henchman/plan.go:226.33,227.62 1 0
github.com/apigee/henchman/henchman/plan.go:227.62,231.4 1 0
github.com/apigee/henchman/henchman/plan.go:236.35,237.38 1 0
github.com/apigee/henchman/henchman/plan.go:242.3,242.41 1 0
github.com/apigee/henchman/henchman/plan.go:257.3,257.54 1 0
github.com/apigee/henchman/henchman/plan.go:237.38,238.12 1 0
github.com/apigee/henchman/henchman/plan.go:242.41,243.59 1 0
github.com/apigee/henchman/henchman/plan.go:243.59,244.19 1 0
github.com/apigee/henchman/henchman/plan.go:244.19,246.6 1 0
github.com/apigee/henchman/henchman/plan.go:246.6,252.6 1 0
github.com/apigee/henchman/henchman/plan.go:253.5,254.10 1 0
github.com/apigee/henchman/henchman/plan.go:259.61,264.3 1 0
github.com/apigee/henchman/henchman/plan.go:268.33,270.3 1 0
github.com/apigee/henchman/henchman/plan.go:282.54,283.35 1 0
github.com/apigee/henchman/henchman/plan.go:293.2,294.27 1 0
github.com/apigee/henchman/henchman/plan.go:301.2,301.12 1 0
github.com/apigee/henchman/henchman/plan.go:283.35,285.28 1 0
github.com/apigee/henchman/henchman/plan.go:285.28,290.4 1 0
github.com/apigee/henchman/henchman/plan.go:294.27,299.3 1 0
github.com/apigee/henchman/henchman/plan.go:305.54,314.35 4 0
github.com/apigee/henchman/henchman/plan.go:318.2,320.16 3 0
github.com/apigee/henchman/henchman/plan.go:324.2,331.15 4 0
github.com/apigee/henchman/henchman/plan.go:335.2,335.12 1 0
github.com/apigee/henchman/henchman/plan.go:314.35,316.3 1 0
github.com/apigee/henchman/henchman/plan.go:320.16,322.3 1 0
github.com/apigee/henchman/henchman/plan.go:331.15,333.3 1 0
github.com/apigee/henchman/henchman/plan.go:338.48,344.33 3 0
github.com/apigee/henchman/henchman/plan.go:351.2,352.23 2 0
github.com/apigee/henchman/henchman/plan.go:358.2,358.12 1 0
github.com/apigee/henchman/henchman/plan.go:363.2,363.12 1 0
github.com/apigee/henchman/henchman/plan.go:344.33,345.20 1 0
github.com/apigee/henchman/henchman/plan.go:348.3,348.12 1 0
github.com/apigee/henchman/henchman/plan.go:345.20,347.4 1 0
github.com/apigee/henchman/henchman/plan.go:352.23,354.3 1 0
github.com/apigee/henchman/henchman/plan.go:358.12,361.3 2 0
github.com/apigee/henchman/henchman/plan.go:366.62,369.12 3 0
github.com/apigee/henchman/henchman/plan.go:447.2,447.13 1 0
github.com/apigee/henchman/henchman/plan.go:369.12,372.35 3 0
github.com/apigee/henchman/henchman/plan.go:372.35,373.26 1 0
github.com/apigee/henchman/henchman/plan.go:380.4,384.61 4 0
github.com/apigee/henchman/henchman/plan.go:394.4,406.18 5 0
github.com/apigee/henchman/henchman/plan.go:415.4,415.23 1 0
github.com/apigee/henchman/henchman/plan.go:373.26,375.5 1 0
github.com/apigee/henchman/henchman/plan.go:375.5,377.5 1 0
github.com/apigee/henchman/henchman/plan.go:384.61,392.5 2 0
github.com/apigee/henchman/henchman/plan.go:406.18,413.5 2 0
github.com/apigee/henchman/henchman/plan.go:415.23,416.38 1 0
github.com/apigee/henchman/henchman/plan.go:416.38,418.24 2 0
github.com/apigee/henchman/henchman/plan.go:418.24,419.21 1 0
github.com/apigee/henchman/henchman/plan.go:422.7,422.13 1 0
github.com/apigee/henchman/henchman/plan.go:419.21,421.8 1 0
github.com/apigee/henchman/henchman/plan.go:425.5,427.19 2 0
github.com/apigee/henchman/henchman/plan.go:436.5,437.23 2 0
github.com/apigee/henchman/henchman/plan.go:427.19,434.6 2 0
github.com/apigee/henchman/henchman/plan.go:437.23,438.20 1 0
github.com/apigee/henchman/henchman/plan.go:441.6,441.12 1 0
github.com/apigee/henchman/henchman/plan.go:438.20,440.7 1 0
github.com/apigee/henchman/henchman/plan.go:451.110,460.16 3 0
github.com/apigee/henchman/henchman/plan.go:467.2,473.16 2 0
github.com/apigee/henchman/henchman/plan.go:476.2,482.66 4 0
github.com/apigee/henchman/henchman/plan.go:486.2,486.18 1 0
github.com/apigee/henchman/henchman/plan.go:460.16,464.3 1 0
github.com/apigee/henchman/henchman/plan.go:473.16,475.3 1 0
github.com/apigee/henchman/henchman/plan.go:482.66,484.3 1 0
github.com/apigee/henchman/henchman/plan.go:490.109,493.56 3 0
github.com/apigee/henchman/henchman/plan.go:528.2,528.24 1 0
github.com/apigee/henchman/henchman/plan.go:493.56,495.28 1 0
github.com/apigee/henchman/henchman/plan.go:512.3,513.17 2 0
github.com/apigee/henchman/henchman/plan.go:521.3,523.34 1 0
github.com/apigee/henchman/henchman/plan.go:495.28,506.4 4 0
github.com/apigee/henchman/henchman/plan.go:506.4,510.4 2 0
github.com/apigee/henchman/henchman/plan.go:513.17,519.4 1 0
github.com/apigee/henchman/henchman/plan.go:523.34,524.9 1 0
github.com/apigee/henchman/henchman/print.go:15.77,17.23 2 0
github.com/apigee/henchman/henchman/print.go:47.2,47.15 1 0
github.com/apigee/henchman/henchman/print.go:31.2,32.57 1 0
github.com/apigee/henchman/henchman/print.go:42.2,44.51 1 0
github.com/apigee/henchman/henchman/print.go:32.57,33.22 1 0
github.com/apigee/henchman/henchman/print.go:34.4,36.50 2 0
github.com/apigee/henchman/henchman/print.go:37.4,39.59 1 0
github.com/apigee/henchman/henchman/print.go:51.43,55.2 3 0
github.com/apigee/henchman/henchman/print.go:57.26,61.2 3 0
github.com/apigee/henchman/henchman/print.go:65.73,72.41 5 0
github.com/apigee/henchman/henchman/print.go:75.2,75.28 1 0
github.com/apigee/henchman/henchman/print.go:72.41,74.3 1 0
github.com/apigee/henchman/henchman/print.go:79.81,83.41 3 0
github.com/apigee/henchman/henchman/print.go:87.2,87.22 1 0
github.com/apigee/henchman/henchman/print.go:83.41,85.3 1 0
github.com/apigee/henchman/henchman/ssh.go:25.47,27.16 2 0
github.com/apigee/henchman/henchman/ssh.go:30.2,31.16 2 0
github.com/apigee/henchman/henchman/ssh.go:34.2,34.17 1 0
github.com/apigee/henchman/henchman/ssh.go:27.16,29.3 1 0
github.com/apigee/henchman/henchman/ssh.go:31.16,33.3 1 0
github.com/apigee/henchman/henchman/ssh.go:37.60,39.16 2 0
github.com/apigee/henchman/henchman/ssh.go:44.2,44.33 1 0
github.com/apigee/henchman/henchman/ssh.go:39.16,43.3 1 0
github.com/apigee/henchman/henchman/ssh.go:47.56,49.2 1 1
github.com/apigee/henchman/henchman/ssh.go:57.77,62.34 4 2
github.com/apigee/henchman/henchman/ssh.go:72.2,72.29 1 2
github.com/apigee/henchman/henchman/ssh.go:75.2,76.20 2 2
github.com/apigee/henchman/henchman/ssh.go:79.2,83.32 4 2
github.com/apigee/henchman/henchman/ssh.go:100.2,100.20 1 1
github.com/apigee/henchman/henchman/ssh.go:103.2,108.12 3 1
github.com/apigee/henchman/henchman/ssh.go:62.34,69.3 1 2
github.com/apigee/henchman/henchman/ssh.go:69.3,71.3 1 0
github.com/apigee/henchman/henchman/ssh.go:72.29,74.3 1 0
github.com/apigee/henchman/henchman/ssh.go:76.20,78.3 1 0
github.com/apigee/henchman/henchman/ssh.go:83.32,84.49 1 1
github.com/apigee/henchman/henchman/ssh.go:91.3,92.15 2 1
github.com/apigee/henchman/henchman/ssh.go:95.3,95.41 1 0
github.com/apigee/henchman/henchman/ssh.go:84.49,86.18 2 0
github.com/apigee/henchman/henchman/ssh.go:89.4,89.90 1 0
github.com/apigee/henchman/henchman/ssh.go:86.18,88.5 1 0
github.com/apigee/henchman/henchman/ssh.go:92.15,94.4 1 1
github.com/apigee/henchman/henchman/ssh.go:96.3,98.3 1 1
github.com/apigee/henchman/henchman/ssh.go:100.20,102.3 1 0
github.com/apigee/henchman/henchman/ssh.go:111.89,114.16 3 0
github.com/apigee/henchman/henchman/ssh.go:117.2,118.16 2 0
github.com/apigee/henchman/henchman/ssh.go:121.2,121.29 1 0
github.com/apigee/henchman/henchman/ssh.go:114.16,116.3 1 0
github.com/apigee/henchman/henchman/ssh.go:118.16,120.3 1 0
github.com/apigee/henchman/henchman/ssh.go:124.100,130.68 2 0
github.com/apigee/henchman/henchman/ssh.go:134.2,137.16 4 0
github.com/apigee/henchman/henchman/ssh.go:142.2,142.24 1 0
github.com/apigee/henchman/henchman/ssh.go:130.68,132.3 1 0
github.com/apigee/henchman/henchman/ssh.go:137.16,141.3 1 0
github.com/apigee/henchman/henchman/ssh.go:145.107,147.16 2 0
github.com/apigee/henchman/henchman/ssh.go:153.2,155.17 3 0
github.com/apigee/henchman/henchman/ssh.go:158.2,162.16 3 0
github.com/apigee/henchman/henchman/ssh.go:165.2,165.22 1 0
github.com/apigee/henchman/henchman/ssh.go:147.16,151.3 1 0
github.com/apigee/henchman/henchman/ssh.go:155.17,157.3 1 0
github.com/apigee/henchman/henchman/ssh.go:162.16,164.3 1 0
github.com/apigee/henchman/henchman/ssh.go:171.89,173.16 2 0
github.com/apigee/henchman/henchman/ssh.go:178.2,182.16 4 0
github.com/apigee/henchman/henchman/ssh.go:187.2,192.31 3 0
github.com/apigee/henchman/henchman/ssh.go:196.2,201.22 2 0
github.com/apigee/henchman/henchman/ssh.go:273.2,273.12 1 0
github.com/apigee/henchman/henchman/ssh.go:173.16,177.3 1 0
github.com/apigee/henchman/henchman/ssh.go:182.16,186.3 1 0
github.com/apigee/henchman/henchman/ssh.go:192.31,194.3 1 0
github.com/apigee/henchman/henchman/ssh.go:201.22,208.17 3 0
github.com/apigee/henchman/henchman/ssh.go:213.3,216.17 3 0
github.com/apigee/henchman/henchman/ssh.go:223.3,225.17 3 0
github.com/apigee/henchman/henchman/ssh.go:232.3,232.47 1 0
github.com/apigee/henchman/henchman/ssh.go:240.3,242.17 3 0
github.com/apigee/henchman/henchman/ssh.go:208.17,212.4 1 0
github.com/apigee/henchman/henchman/ssh.go:216.17,221.4 1 0
github.com/apigee/henchman/henchman/ssh.go:225.17,230.4 1 0
github.com/apigee/henchman/henchman/ssh.go:232.47,238.4 1 0
github.com/apigee/henchman/henchman/ssh.go:242.17,247.4 1 0
github.com/apigee/henchman/henchman/ssh.go:248.3,250.17 2 0
github.com/apigee/henchman/henchman/ssh.go:257.3,258.17 2 0
github.com/apigee/henchman/henchman/ssh.go:264.3,264.47 1 0
github.com/apigee/henchman/henchman/ssh.go:250.17,255.4 1 0
github.com/apigee/henchman/henchman/ssh.go:258.17,262.4 1 0
github.com/apigee/henchman/henchman/ssh.go:264.47,270.4 1 0
github.com/apigee/henchman/henchman/ssh.go:276.61,279.2 2 2
